<?xml version="1.0" encoding="UTF-8"?>
<testng-results ignored="0" total="1" passed="1" failed="0" skipped="0">
  <reporter-output>
  </reporter-output>
  <suite started-at="2024-08-29T12:56:13 IST" name="Default suite" finished-at="2024-08-29T12:56:18 IST" duration-ms="4991">
    <groups>
    </groups>
    <test started-at="2024-08-29T12:56:13 IST" name="Default test" finished-at="2024-08-29T12:56:18 IST" duration-ms="4991">
      <class name="testCases.BaseClass">
        <test-method is-config="true" signature="setup()[pri:0, instance:testCases.BaseClass@5032714f]" started-at="2024-08-29T12:56:13 IST" name="setup" finished-at="2024-08-29T12:56:17 IST" duration-ms="3814" status="PASS">
          <reporter-output>
          </reporter-output>
        </test-method> <!-- setup -->
        <test-method signature="verify_Login()[pri:1, instance:testCases.BaseClass@5032714f]" started-at="2024-08-29T12:56:17 IST" name="verify_Login" finished-at="2024-08-29T12:56:18 IST" duration-ms="291" status="PASS">
          <reporter-output>
          </reporter-output>
        </test-method> <!-- verify_Login -->
        <test-method is-config="true" signature="teardown()[pri:0, instance:testCases.BaseClass@5032714f]" started-at="2024-08-29T12:56:18 IST" name="teardown" finished-at="2024-08-29T12:56:18 IST" duration-ms="865" status="PASS">
          <reporter-output>
          </reporter-output>
        </test-method> <!-- teardown -->
      </class> <!-- testCases.BaseClass -->
    </test> <!-- Default test -->
  </suite> <!-- Default suite -->
</testng-results>
