<?xml version="1.0" encoding="UTF-8"?>
<testng-results ignored="0" total="1" passed="1" failed="0" skipped="0">
  <reporter-output>
  </reporter-output>
  <suite started-at="2024-08-25T22:01:48 IST" name="Default suite" finished-at="2024-08-25T22:01:51 IST" duration-ms="3283">
    <groups>
    </groups>
    <test started-at="2024-08-25T22:01:48 IST" name="Default test" finished-at="2024-08-25T22:01:51 IST" duration-ms="3283">
      <class name="loginLivis.ChromeLaunchTest">
        <test-method is-config="true" signature="setup()[pri:0, instance:loginLivis.ChromeLaunchTest@1a75e76a]" started-at="2024-08-25T22:01:48 IST" name="setup" finished-at="2024-08-25T22:01:49 IST" duration-ms="1437" status="PASS">
          <reporter-output>
          </reporter-output>
        </test-method> <!-- setup -->
        <test-method signature="launchGoogle()[pri:0, instance:loginLivis.ChromeLaunchTest@1a75e76a]" started-at="2024-08-25T22:01:49 IST" name="launchGoogle" finished-at="2024-08-25T22:01:51 IST" duration-ms="1655" status="PASS">
          <reporter-output>
          </reporter-output>
        </test-method> <!-- launchGoogle -->
        <test-method is-config="true" signature="tearDown()[pri:0, instance:loginLivis.ChromeLaunchTest@1a75e76a]" started-at="2024-08-25T22:01:51 IST" name="tearDown" finished-at="2024-08-25T22:01:51 IST" duration-ms="147" status="PASS">
          <reporter-output>
          </reporter-output>
        </test-method> <!-- tearDown -->
      </class> <!-- loginLivis.ChromeLaunchTest -->
    </test> <!-- Default test -->
  </suite> <!-- Default suite -->
</testng-results>
